<?xml version="1.0" encoding="UTF-8"?>
<testng-results skipped="0" failed="0" ignored="0" total="2" passed="2">
  <reporter-output>
  </reporter-output>
  <suite name="Surefire suite" duration-ms="446" started-at="2022-02-03T07:11:17 PST" finished-at="2022-02-03T07:11:17 PST">
    <groups>
    </groups>
    <test name="Surefire test" duration-ms="446" started-at="2022-02-03T07:11:17 PST" finished-at="2022-02-03T07:11:17 PST">
      <class name="com.jacoco.test.DemoTest">
        <test-method status="PASS" signature="demoTest()[pri:0, instance:com.jacoco.test.DemoTest@6e0f7aad]" name="demoTest" duration-ms="45" started-at="2022-02-03T07:11:17 PST" finished-at="2022-02-03T07:11:17 PST">
          <reporter-output>
          </reporter-output>
        </test-method> <!-- demoTest -->
        <test-method status="PASS" signature="demoTest1()[pri:0, instance:com.jacoco.test.DemoTest@6e0f7aad]" name="demoTest1" duration-ms="0" started-at="2022-02-03T07:11:17 PST" finished-at="2022-02-03T07:11:17 PST">
          <reporter-output>
          </reporter-output>
        </test-method> <!-- demoTest1 -->
      </class> <!-- com.jacoco.test.DemoTest -->
    </test> <!-- Surefire test -->
  </suite> <!-- Surefire suite -->
</testng-results>
